Running: fuse.exe -relaunch -intstyle "ise" -incremental -lib "unisims_ver" -lib "unimacro_ver" -lib "xilinxcorelib_ver" -lib "secureip" -o "C:/Users/Anikate/Documents/Projects/SynchCounter2/TopT_isim_beh.exe" -prj "C:/Users/Anikate/Documents/Projects/SynchCounter2/TopT_beh.prj" "work.TopT" "work.glbl" 
ISim P.20131013 (signature 0x7708f090)
Number of CPUs detected in this system: 4
Turning on mult-threading, number of parallel sub-compilation jobs: 8 
Determining compilation order of HDL files
Analyzing Verilog file "C:/Users/Anikate/Documents/Projects/SynchCounter2/MasterSlaveJK.v" into library work
Analyzing Verilog file "C:/Users/Anikate/Documents/Projects/SynchCounter2/SynchCount.v" into library work
Analyzing Verilog file "C:/Users/Anikate/Documents/Projects/SynchCounter2/TopT.v" into library work
Analyzing Verilog file "C:/Xilinx/14.7/ISE_DS/ISE//verilog/src/glbl.v" into library work
Starting static elaboration
Completed static elaboration
Compiling module ClockedSR
Compiling module MasterSlaveJK
Compiling module SynchCount
Compiling module TopT
Compiling module glbl
Time Resolution for simulation is 1ps.
Waiting for 2 sub-compilation(s) to finish...
Compiled 5 Verilog Units
Built simulation executable C:/Users/Anikate/Documents/Projects/SynchCounter2/TopT_isim_beh.exe
Fuse Memory Usage: 28616 KB
Fuse CPU Usage: 483 ms
