Command line:
   TopT_isim_beh.exe
     -simmode  gui
     -simrunnum  0
     -socket  59769

Tue Jul 04 22:18:33 2017


 Elaboration Time: 0.0468 sec

 Current Memory Usage: 670.011 Meg

 Total Signals          : 114
 Total Nets             : 66
 Total Signal Drivers   : 58
 Total Blocks           : 15
 Total Primitive Blocks : 9
 Total Processes        : 62
 Total Traceable Variables  : 21
 Total Scalar Nets and Variables : 149
Total Line Count : 44

 Total Simulation Time: 0.0468 sec

 Current Memory Usage: 670.011 Meg

Tue Jul 04 22:18:55 2017

